app/build/intermediates/manifest_merge_blame_file/debug/processDebugMainManifest/manifest-merger-blame-debug-report.txt
1<?xml version="1.0" encoding="utf-8"?>
2<manifest xmlns:android="http://schemas.android.com/apk/res/android"
3    package="com.example.spendo"
4    android:versionCode="1"
5    android:versionName="1.0" >
6
7    <uses-sdk
8        android:minSdkVersion="23"
9        android:targetSdkVersion="36" />
10
11    <!-- App Permissions -->
12    <uses-permission android:name="android.permission.INTERNET" />
12-->src\main\AndroidManifest.xml:6:5-67
12-->src\main\AndroidManifest.xml:6:22-64
13    <uses-permission android:name="android.permission.ACCESS_NETWORK_STATE" />
13-->[com.google.firebase:firebase-auth:24.0.1] AndroidManifest.xml:26:5-79
13-->[com.google.firebase:firebase-auth:24.0.1] AndroidManifest.xml:26:22-76
14    <uses-permission android:name="android.permission.USE_BIOMETRIC" /> <!-- suppress DeprecatedClassUsageInspection -->
14-->[androidx.biometric:biometric:1.1.0] AndroidManifest.xml:24:5-72
14-->[androidx.biometric:biometric:1.1.0] AndroidManifest.xml:24:22-69
15    <uses-permission android:name="android.permission.USE_FINGERPRINT" />
15-->[androidx.biometric:biometric:1.1.0] AndroidManifest.xml:27:5-74
15-->[androidx.biometric:biometric:1.1.0] AndroidManifest.xml:27:22-71
16    <uses-permission android:name="android.permission.WAKE_LOCK" />
16-->[com.google.android.gms:play-services-measurement:23.0.0] AndroidManifest.xml:25:5-68
16-->[com.google.android.gms:play-services-measurement:23.0.0] AndroidManifest.xml:25:22-65
17    <uses-permission android:name="com.google.android.finsky.permission.BIND_GET_INSTALL_REFERRER_SERVICE" />
17-->[com.google.android.gms:play-services-measurement:23.0.0] AndroidManifest.xml:26:5-110
17-->[com.google.android.gms:play-services-measurement:23.0.0] AndroidManifest.xml:26:22-107
18    <uses-permission android:name="com.google.android.gms.permission.AD_ID" />
18-->[com.google.android.gms:play-services-measurement-impl:23.0.0] AndroidManifest.xml:27:5-79
18-->[com.google.android.gms:play-services-measurement-impl:23.0.0] AndroidManifest.xml:27:22-76
19    <uses-permission android:name="android.permission.ACCESS_ADSERVICES_ATTRIBUTION" />
19-->[com.google.android.gms:play-services-measurement-api:23.0.0] AndroidManifest.xml:26:5-88
19-->[com.google.android.gms:play-services-measurement-api:23.0.0] AndroidManifest.xml:26:22-85
20    <uses-permission android:name="android.permission.ACCESS_ADSERVICES_AD_ID" />
20-->[com.google.android.gms:play-services-measurement-api:23.0.0] AndroidManifest.xml:27:5-82
20-->[com.google.android.gms:play-services-measurement-api:23.0.0] AndroidManifest.xml:27:22-79
21    <uses-permission android:name="com.google.android.providers.gsf.permission.READ_GSERVICES" />
21-->[com.google.android.recaptcha:recaptcha:18.6.1] AndroidManifest.xml:9:5-98
21-->[com.google.android.recaptcha:recaptcha:18.6.1] AndroidManifest.xml:9:22-95
22
23    <permission
23-->[androidx.core:core:1.17.0] AndroidManifest.xml:22:5-24:47
24        android:name="com.example.spendo.DYNAMIC_RECEIVER_NOT_EXPORTED_PERMISSION"
24-->[androidx.core:core:1.17.0] AndroidManifest.xml:23:9-81
25        android:protectionLevel="signature" />
25-->[androidx.core:core:1.17.0] AndroidManifest.xml:24:9-44
26
27    <uses-permission android:name="com.example.spendo.DYNAMIC_RECEIVER_NOT_EXPORTED_PERMISSION" />
27-->[androidx.core:core:1.17.0] AndroidManifest.xml:26:5-97
27-->[androidx.core:core:1.17.0] AndroidManifest.xml:26:22-94
28
29    <application
29-->src\main\AndroidManifest.xml:8:5-68:19
30        android:allowBackup="true"
30-->src\main\AndroidManifest.xml:9:9-35
31        android:appComponentFactory="androidx.core.app.CoreComponentFactory"
31-->[androidx.core:core:1.17.0] AndroidManifest.xml:28:18-86
32        android:dataExtractionRules="@xml/data_extraction_rules"
32-->src\main\AndroidManifest.xml:10:9-65
33        android:debuggable="true"
34        android:extractNativeLibs="false"
35        android:fullBackupContent="@xml/backup_rules"
35-->src\main\AndroidManifest.xml:11:9-54
36        android:icon="@mipmap/ic_launcher"
36-->src\main\AndroidManifest.xml:12:9-43
37        android:label="@string/app_name"
37-->src\main\AndroidManifest.xml:13:9-41
38        android:roundIcon="@mipmap/ic_launcher_round"
38-->src\main\AndroidManifest.xml:14:9-54
39        android:supportsRtl="true"
39-->src\main\AndroidManifest.xml:15:9-35
40        android:testOnly="true"
41        android:theme="@style/Base.Theme.Spendo" >
41-->src\main\AndroidManifest.xml:16:9-49
42        <activity
42-->src\main\AndroidManifest.xml:17:9-19:40
43            android:name="com.example.spendo.HomeActivity"
43-->src\main\AndroidManifest.xml:18:13-41
44            android:exported="false" />
44-->src\main\AndroidManifest.xml:19:13-37
45        <activity
45-->src\main\AndroidManifest.xml:20:9-22:40
46            android:name="com.example.spendo.AuthActivity"
46-->src\main\AndroidManifest.xml:21:13-41
47            android:exported="false" />
47-->src\main\AndroidManifest.xml:22:13-37
48        <activity
48-->src\main\AndroidManifest.xml:23:9-25:40
49            android:name="com.example.spendo.AddTransactionActivity"
49-->src\main\AndroidManifest.xml:24:13-51
50            android:exported="false" />
50-->src\main\AndroidManifest.xml:25:13-37
51        <activity
51-->src\main\AndroidManifest.xml:26:9-28:40
52            android:name="com.example.spendo.FinancialReportActivity"
52-->src\main\AndroidManifest.xml:27:13-52
53            android:exported="false" />
53-->src\main\AndroidManifest.xml:28:13-37
54        <activity
54-->src\main\AndroidManifest.xml:29:9-31:40
55            android:name="com.example.spendo.TransactionsActivity"
55-->src\main\AndroidManifest.xml:30:13-49
56            android:exported="false" />
56-->src\main\AndroidManifest.xml:31:13-37
57        <activity
57-->src\main\AndroidManifest.xml:32:9-34:40
58            android:name="com.example.spendo.ProfileActivity"
58-->src\main\AndroidManifest.xml:33:13-44
59            android:exported="false" />
59-->src\main\AndroidManifest.xml:34:13-37
60        <activity
60-->src\main\AndroidManifest.xml:35:9-37:40
61            android:name="com.example.spendo.OnboardingActivity"
61-->src\main\AndroidManifest.xml:36:13-47
62            android:exported="false" />
62-->src\main\AndroidManifest.xml:37:13-37
63        <activity
63-->src\main\AndroidManifest.xml:38:9-40:40
64            android:name="com.example.spendo.EditProfileActivity"
64-->src\main\AndroidManifest.xml:39:13-48
65            android:exported="false" />
65-->src\main\AndroidManifest.xml:40:13-37
66        <activity
66-->src\main\AndroidManifest.xml:41:9-43:40
67            android:name="com.example.spendo.EditTransactionActivity"
67-->src\main\AndroidManifest.xml:42:13-52
68            android:exported="false" />
68-->src\main\AndroidManifest.xml:43:13-37
69        <activity
69-->src\main\AndroidManifest.xml:44:9-46:40
70            android:name="com.example.spendo.SettingsActivity"
70-->src\main\AndroidManifest.xml:45:13-45
71            android:exported="false" />
71-->src\main\AndroidManifest.xml:46:13-37
72        <activity
72-->src\main\AndroidManifest.xml:47:9-49:40
73            android:name="com.example.spendo.ExportActivity"
73-->src\main\AndroidManifest.xml:48:13-43
74            android:exported="false" />
74-->src\main\AndroidManifest.xml:49:13-37
75        <activity
75-->src\main\AndroidManifest.xml:50:9-58:20
76            android:name="com.example.spendo.MainActivity"
76-->src\main\AndroidManifest.xml:51:13-41
77            android:exported="true"
77-->src\main\AndroidManifest.xml:52:13-36
78            android:theme="@style/Theme.App.SplashScreen" >
78-->src\main\AndroidManifest.xml:53:13-58
79            <intent-filter>
79-->src\main\AndroidManifest.xml:54:13-57:29
80                <action android:name="android.intent.action.MAIN" />
80-->src\main\AndroidManifest.xml:55:17-69
80-->src\main\AndroidManifest.xml:55:25-66
81
82                <category android:name="android.intent.category.LAUNCHER" />
82-->src\main\AndroidManifest.xml:56:17-77
82-->src\main\AndroidManifest.xml:56:27-74
83            </intent-filter>
84        </activity>
85
86        <provider
87            android:name="androidx.core.content.FileProvider"
87-->src\main\AndroidManifest.xml:60:13-62
88            android:authorities="com.example.spendo.fileprovider"
88-->src\main\AndroidManifest.xml:61:13-64
89            android:exported="false"
89-->src\main\AndroidManifest.xml:62:13-37
90            android:grantUriPermissions="true" >
90-->src\main\AndroidManifest.xml:63:13-47
91            <meta-data
91-->src\main\AndroidManifest.xml:64:13-66:54
92                android:name="android.support.FILE_PROVIDER_PATHS"
92-->src\main\AndroidManifest.xml:65:17-67
93                android:resource="@xml/file_paths" />
93-->src\main\AndroidManifest.xml:66:17-51
94        </provider>
95
96        <activity
96-->[com.google.firebase:firebase-auth:24.0.1] AndroidManifest.xml:29:9-46:20
97            android:name="com.google.firebase.auth.internal.GenericIdpActivity"
97-->[com.google.firebase:firebase-auth:24.0.1] AndroidManifest.xml:30:13-80
98            android:excludeFromRecents="true"
98-->[com.google.firebase:firebase-auth:24.0.1] AndroidManifest.xml:31:13-46
99            android:exported="true"
99-->[com.google.firebase:firebase-auth:24.0.1] AndroidManifest.xml:32:13-36
100            android:launchMode="singleTask"
100-->[com.google.firebase:firebase-auth:24.0.1] AndroidManifest.xml:33:13-44
101            android:theme="@android:style/Theme.Translucent.NoTitleBar" >
101-->[com.google.firebase:firebase-auth:24.0.1] AndroidManifest.xml:34:13-72
102            <intent-filter>
102-->[com.google.firebase:firebase-auth:24.0.1] AndroidManifest.xml:35:13-45:29
103                <action android:name="android.intent.action.VIEW" />
103-->[com.google.firebase:firebase-auth:24.0.1] AndroidManifest.xml:36:17-69
103-->[com.google.firebase:firebase-auth:24.0.1] AndroidManifest.xml:36:25-66
104
105                <category android:name="android.intent.category.DEFAULT" />
105-->[com.google.firebase:firebase-auth:24.0.1] AndroidManifest.xml:38:17-76
105-->[com.google.firebase:firebase-auth:24.0.1] AndroidManifest.xml:38:27-73
106                <category android:name="android.intent.category.BROWSABLE" />
106-->[com.google.firebase:firebase-auth:24.0.1] AndroidManifest.xml:39:17-78
106-->[com.google.firebase:firebase-auth:24.0.1] AndroidManifest.xml:39:27-75
107
108                <data
108-->[com.google.firebase:firebase-auth:24.0.1] AndroidManifest.xml:41:17-44:51
109                    android:host="firebase.auth"
109-->[com.google.firebase:firebase-auth:24.0.1] AndroidManifest.xml:42:21-49
110                    android:path="/"
110-->[com.google.firebase:firebase-auth:24.0.1] AndroidManifest.xml:43:21-37
111                    android:scheme="genericidp" />
111-->[com.google.firebase:firebase-auth:24.0.1] AndroidManifest.xml:44:21-48
112            </intent-filter>
113        </activity>
114        <activity
114-->[com.google.firebase:firebase-auth:24.0.1] AndroidManifest.xml:47:9-64:20
115            android:name="com.google.firebase.auth.internal.RecaptchaActivity"
115-->[com.google.firebase:firebase-auth:24.0.1] AndroidManifest.xml:48:13-79
116            android:excludeFromRecents="true"
116-->[com.google.firebase:firebase-auth:24.0.1] AndroidManifest.xml:49:13-46
117            android:exported="true"
117-->[com.google.firebase:firebase-auth:24.0.1] AndroidManifest.xml:50:13-36
118            android:launchMode="singleTask"
118-->[com.google.firebase:firebase-auth:24.0.1] AndroidManifest.xml:51:13-44
119            android:theme="@android:style/Theme.Translucent.NoTitleBar" >
119-->[com.google.firebase:firebase-auth:24.0.1] AndroidManifest.xml:52:13-72
120            <intent-filter>
120-->[com.google.firebase:firebase-auth:24.0.1] AndroidManifest.xml:53:13-63:29
121                <action android:name="android.intent.action.VIEW" />
121-->[com.google.firebase:firebase-auth:24.0.1] AndroidManifest.xml:36:17-69
121-->[com.google.firebase:firebase-auth:24.0.1] AndroidManifest.xml:36:25-66
122
123                <category android:name="android.intent.category.DEFAULT" />
123-->[com.google.firebase:firebase-auth:24.0.1] AndroidManifest.xml:38:17-76
123-->[com.google.firebase:firebase-auth:24.0.1] AndroidManifest.xml:38:27-73
124                <category android:name="android.intent.category.BROWSABLE" />
124-->[com.google.firebase:firebase-auth:24.0.1] AndroidManifest.xml:39:17-78
124-->[com.google.firebase:firebase-auth:24.0.1] AndroidManifest.xml:39:27-75
125
126                <data
126-->[com.google.firebase:firebase-auth:24.0.1] AndroidManifest.xml:41:17-44:51
127                    android:host="firebase.auth"
127-->[com.google.firebase:firebase-auth:24.0.1] AndroidManifest.xml:42:21-49
128                    android:path="/"
128-->[com.google.firebase:firebase-auth:24.0.1] AndroidManifest.xml:43:21-37
129                    android:scheme="recaptcha" />
129-->[com.google.firebase:firebase-auth:24.0.1] AndroidManifest.xml:44:21-48
130            </intent-filter>
131        </activity>
132
133        <service
133-->[com.google.firebase:firebase-auth:24.0.1] AndroidManifest.xml:66:9-72:19
134            android:name="com.google.firebase.components.ComponentDiscoveryService"
134-->[com.google.firebase:firebase-auth:24.0.1] AndroidManifest.xml:67:13-84
135            android:directBootAware="true"
135-->[com.google.firebase:firebase-common:22.0.1] AndroidManifest.xml:32:13-43
136            android:exported="false" >
136-->[com.google.firebase:firebase-auth:24.0.1] AndroidManifest.xml:68:13-37
137            <meta-data
137-->[com.google.firebase:firebase-auth:24.0.1] AndroidManifest.xml:69:13-71:85
138                android:name="com.google.firebase.components:com.google.firebase.auth.FirebaseAuthRegistrar"
138-->[com.google.firebase:firebase-auth:24.0.1] AndroidManifest.xml:70:17-109
139                android:value="com.google.firebase.components.ComponentRegistrar" />
139-->[com.google.firebase:firebase-auth:24.0.1] AndroidManifest.xml:71:17-82
140            <meta-data
140-->[com.google.firebase:firebase-database:22.0.1] AndroidManifest.xml:29:13-31:85
141                android:name="com.google.firebase.components:com.google.firebase.database.FirebaseDatabaseKtxRegistrar"
141-->[com.google.firebase:firebase-database:22.0.1] AndroidManifest.xml:30:17-120
142                android:value="com.google.firebase.components.ComponentRegistrar" />
142-->[com.google.firebase:firebase-database:22.0.1] AndroidManifest.xml:31:17-82
143            <meta-data
143-->[com.google.firebase:firebase-database:22.0.1] AndroidManifest.xml:32:13-34:85
144                android:name="com.google.firebase.components:com.google.firebase.database.DatabaseRegistrar"
144-->[com.google.firebase:firebase-database:22.0.1] AndroidManifest.xml:33:17-109
145                android:value="com.google.firebase.components.ComponentRegistrar" />
145-->[com.google.firebase:firebase-database:22.0.1] AndroidManifest.xml:34:17-82
146            <meta-data
146-->[com.google.firebase:firebase-storage:22.0.1] AndroidManifest.xml:30:13-32:85
147                android:name="com.google.firebase.components:com.google.firebase.storage.FirebaseStorageKtxRegistrar"
147-->[com.google.firebase:firebase-storage:22.0.1] AndroidManifest.xml:31:17-118
148                android:value="com.google.firebase.components.ComponentRegistrar" />
148-->[com.google.firebase:firebase-storage:22.0.1] AndroidManifest.xml:32:17-82
149            <meta-data
149-->[com.google.firebase:firebase-storage:22.0.1] AndroidManifest.xml:33:13-35:85
150                android:name="com.google.firebase.components:com.google.firebase.storage.StorageRegistrar"
150-->[com.google.firebase:firebase-storage:22.0.1] AndroidManifest.xml:34:17-107
151                android:value="com.google.firebase.components.ComponentRegistrar" />
151-->[com.google.firebase:firebase-storage:22.0.1] AndroidManifest.xml:35:17-82
152            <meta-data
152-->[com.google.firebase:firebase-firestore-ktx:25.1.4] AndroidManifest.xml:12:13-14:85
153                android:name="com.google.firebase.components:com.google.firebase.firestore.ktx.FirebaseFirestoreLegacyRegistrar"
153-->[com.google.firebase:firebase-firestore-ktx:25.1.4] AndroidManifest.xml:13:17-129
154                android:value="com.google.firebase.components.ComponentRegistrar" />
154-->[com.google.firebase:firebase-firestore-ktx:25.1.4] AndroidManifest.xml:14:17-82
155            <meta-data
155-->[com.google.firebase:firebase-firestore:26.0.2] AndroidManifest.xml:17:13-19:85
156                android:name="com.google.firebase.components:com.google.firebase.firestore.FirebaseFirestoreKtxRegistrar"
156-->[com.google.firebase:firebase-firestore:26.0.2] AndroidManifest.xml:18:17-122
157                android:value="com.google.firebase.components.ComponentRegistrar" />
157-->[com.google.firebase:firebase-firestore:26.0.2] AndroidManifest.xml:19:17-82
158            <meta-data
158-->[com.google.firebase:firebase-firestore:26.0.2] AndroidManifest.xml:20:13-22:85
159                android:name="com.google.firebase.components:com.google.firebase.firestore.FirestoreRegistrar"
159-->[com.google.firebase:firebase-firestore:26.0.2] AndroidManifest.xml:21:17-111
160                android:value="com.google.firebase.components.ComponentRegistrar" />
160-->[com.google.firebase:firebase-firestore:26.0.2] AndroidManifest.xml:22:17-82
161            <meta-data
161-->[com.google.firebase:firebase-appcheck:19.0.1] AndroidManifest.xml:25:13-27:85
162                android:name="com.google.firebase.components:com.google.firebase.appcheck.FirebaseAppCheckKtxRegistrar"
162-->[com.google.firebase:firebase-appcheck:19.0.1] AndroidManifest.xml:26:17-120
163                android:value="com.google.firebase.components.ComponentRegistrar" />
163-->[com.google.firebase:firebase-appcheck:19.0.1] AndroidManifest.xml:27:17-82
164            <meta-data
164-->[com.google.firebase:firebase-appcheck:19.0.1] AndroidManifest.xml:28:13-30:85
165                android:name="com.google.firebase.components:com.google.firebase.appcheck.FirebaseAppCheckRegistrar"
165-->[com.google.firebase:firebase-appcheck:19.0.1] AndroidManifest.xml:29:17-117
166                android:value="com.google.firebase.components.ComponentRegistrar" />
166-->[com.google.firebase:firebase-appcheck:19.0.1] AndroidManifest.xml:30:17-82
167            <meta-data
167-->[com.google.firebase:firebase-common-ktx:21.0.0] AndroidManifest.xml:12:13-14:85
168                android:name="com.google.firebase.components:com.google.firebase.ktx.FirebaseCommonLegacyRegistrar"
168-->[com.google.firebase:firebase-common-ktx:21.0.0] AndroidManifest.xml:13:17-116
169                android:value="com.google.firebase.components.ComponentRegistrar" />
169-->[com.google.firebase:firebase-common-ktx:21.0.0] AndroidManifest.xml:14:17-82
170            <meta-data
170-->[com.google.android.gms:play-services-measurement-api:23.0.0] AndroidManifest.xml:33:13-35:85
171                android:name="com.google.firebase.components:com.google.firebase.analytics.connector.internal.AnalyticsConnectorRegistrar"
171-->[com.google.android.gms:play-services-measurement-api:23.0.0] AndroidManifest.xml:34:17-139
172                android:value="com.google.firebase.components.ComponentRegistrar" />
172-->[com.google.android.gms:play-services-measurement-api:23.0.0] AndroidManifest.xml:35:17-82
173            <meta-data
173-->[com.google.firebase:firebase-installations:19.0.1] AndroidManifest.xml:15:13-17:85
174                android:name="com.google.firebase.components:com.google.firebase.installations.FirebaseInstallationsKtxRegistrar"
174-->[com.google.firebase:firebase-installations:19.0.1] AndroidManifest.xml:16:17-130
175                android:value="com.google.firebase.components.ComponentRegistrar" />
175-->[com.google.firebase:firebase-installations:19.0.1] AndroidManifest.xml:17:17-82
176            <meta-data
176-->[com.google.firebase:firebase-installations:19.0.1] AndroidManifest.xml:18:13-20:85
177                android:name="com.google.firebase.components:com.google.firebase.installations.FirebaseInstallationsRegistrar"
177-->[com.google.firebase:firebase-installations:19.0.1] AndroidManifest.xml:19:17-127
178                android:value="com.google.firebase.components.ComponentRegistrar" />
178-->[com.google.firebase:firebase-installations:19.0.1] AndroidManifest.xml:20:17-82
179            <meta-data
179-->[com.google.firebase:firebase-common:22.0.1] AndroidManifest.xml:35:13-37:85
180                android:name="com.google.firebase.components:com.google.firebase.FirebaseCommonKtxRegistrar"
180-->[com.google.firebase:firebase-common:22.0.1] AndroidManifest.xml:36:17-109
181                android:value="com.google.firebase.components.ComponentRegistrar" />
181-->[com.google.firebase:firebase-common:22.0.1] AndroidManifest.xml:37:17-82
182        </service>
183        <service
183-->[androidx.credentials:credentials-play-services-auth:1.5.0] AndroidManifest.xml:24:9-32:19
184            android:name="androidx.credentials.playservices.CredentialProviderMetadataHolder"
184-->[androidx.credentials:credentials-play-services-auth:1.5.0] AndroidManifest.xml:25:13-94
185            android:enabled="true"
185-->[androidx.credentials:credentials-play-services-auth:1.5.0] AndroidManifest.xml:26:13-35
186            android:exported="false" >
186-->[androidx.credentials:credentials-play-services-auth:1.5.0] AndroidManifest.xml:27:13-37
187            <meta-data
187-->[androidx.credentials:credentials-play-services-auth:1.5.0] AndroidManifest.xml:29:13-31:104
188                android:name="androidx.credentials.CREDENTIAL_PROVIDER_KEY"
188-->[androidx.credentials:credentials-play-services-auth:1.5.0] AndroidManifest.xml:30:17-76
189                android:value="androidx.credentials.playservices.CredentialProviderPlayServicesImpl" />
189-->[androidx.credentials:credentials-play-services-auth:1.5.0] AndroidManifest.xml:31:17-101
190        </service>
191
192        <activity
192-->[androidx.credentials:credentials-play-services-auth:1.5.0] AndroidManifest.xml:34:9-41:20
193            android:name="androidx.credentials.playservices.HiddenActivity"
193-->[androidx.credentials:credentials-play-services-auth:1.5.0] AndroidManifest.xml:35:13-76
194            android:configChanges="orientation|screenSize|screenLayout|keyboardHidden"
194-->[androidx.credentials:credentials-play-services-auth:1.5.0] AndroidManifest.xml:36:13-87
195            android:enabled="true"
195-->[androidx.credentials:credentials-play-services-auth:1.5.0] AndroidManifest.xml:37:13-35
196            android:exported="false"
196-->[androidx.credentials:credentials-play-services-auth:1.5.0] AndroidManifest.xml:38:13-37
197            android:fitsSystemWindows="true"
197-->[androidx.credentials:credentials-play-services-auth:1.5.0] AndroidManifest.xml:39:13-45
198            android:theme="@style/Theme.Hidden" >
198-->[androidx.credentials:credentials-play-services-auth:1.5.0] AndroidManifest.xml:40:13-48
199        </activity>
200        <activity
200-->[androidx.credentials:credentials-play-services-auth:1.5.0] AndroidManifest.xml:42:9-49:20
201            android:name="androidx.credentials.playservices.IdentityCredentialApiHiddenActivity"
201-->[androidx.credentials:credentials-play-services-auth:1.5.0] AndroidManifest.xml:43:13-97
202            android:configChanges="orientation|screenSize|screenLayout|keyboardHidden"
202-->[androidx.credentials:credentials-play-services-auth:1.5.0] AndroidManifest.xml:44:13-87
203            android:enabled="true"
203-->[androidx.credentials:credentials-play-services-auth:1.5.0] AndroidManifest.xml:45:13-35
204            android:exported="false"
204-->[androidx.credentials:credentials-play-services-auth:1.5.0] AndroidManifest.xml:46:13-37
205            android:fitsSystemWindows="true"
205-->[androidx.credentials:credentials-play-services-auth:1.5.0] AndroidManifest.xml:47:13-45
206            android:theme="@style/Theme.Hidden" >
206-->[androidx.credentials:credentials-play-services-auth:1.5.0] AndroidManifest.xml:48:13-48
207        </activity>
208        <activity
208-->[com.google.android.gms:play-services-auth:21.4.0] AndroidManifest.xml:23:9-27:75
209            android:name="com.google.android.gms.auth.api.signin.internal.SignInHubActivity"
209-->[com.google.android.gms:play-services-auth:21.4.0] AndroidManifest.xml:24:13-93
210            android:excludeFromRecents="true"
210-->[com.google.android.gms:play-services-auth:21.4.0] AndroidManifest.xml:25:13-46
211            android:exported="false"
211-->[com.google.android.gms:play-services-auth:21.4.0] AndroidManifest.xml:26:13-37
212            android:theme="@android:style/Theme.Translucent.NoTitleBar" />
212-->[com.google.android.gms:play-services-auth:21.4.0] AndroidManifest.xml:27:13-72
213        <!--
214            Service handling Google Sign-In user revocation. For apps that do not integrate with
215            Google Sign-In, this service will never be started.
216        -->
217        <service
217-->[com.google.android.gms:play-services-auth:21.4.0] AndroidManifest.xml:33:9-37:51
218            android:name="com.google.android.gms.auth.api.signin.RevocationBoundService"
218-->[com.google.android.gms:play-services-auth:21.4.0] AndroidManifest.xml:34:13-89
219            android:exported="true"
219-->[com.google.android.gms:play-services-auth:21.4.0] AndroidManifest.xml:35:13-36
220            android:permission="com.google.android.gms.auth.api.signin.permission.REVOCATION_NOTIFICATION"
220-->[com.google.android.gms:play-services-auth:21.4.0] AndroidManifest.xml:36:13-107
221            android:visibleToInstantApps="true" />
221-->[com.google.android.gms:play-services-auth:21.4.0] AndroidManifest.xml:37:13-48
222
223        <receiver
223-->[com.google.android.gms:play-services-measurement:23.0.0] AndroidManifest.xml:29:9-33:20
224            android:name="com.google.android.gms.measurement.AppMeasurementReceiver"
224-->[com.google.android.gms:play-services-measurement:23.0.0] AndroidManifest.xml:30:13-85
225            android:enabled="true"
225-->[com.google.android.gms:play-services-measurement:23.0.0] AndroidManifest.xml:31:13-35
226            android:exported="false" >
226-->[com.google.android.gms:play-services-measurement:23.0.0] AndroidManifest.xml:32:13-37
227        </receiver>
228
229        <service
229-->[com.google.android.gms:play-services-measurement:23.0.0] AndroidManifest.xml:35:9-38:40
230            android:name="com.google.android.gms.measurement.AppMeasurementService"
230-->[com.google.android.gms:play-services-measurement:23.0.0] AndroidManifest.xml:36:13-84
231            android:enabled="true"
231-->[com.google.android.gms:play-services-measurement:23.0.0] AndroidManifest.xml:37:13-35
232            android:exported="false" />
232-->[com.google.android.gms:play-services-measurement:23.0.0] AndroidManifest.xml:38:13-37
233        <service
233-->[com.google.android.gms:play-services-measurement:23.0.0] AndroidManifest.xml:39:9-43:72
234            android:name="com.google.android.gms.measurement.AppMeasurementJobService"
234-->[com.google.android.gms:play-services-measurement:23.0.0] AndroidManifest.xml:40:13-87
235            android:enabled="true"
235-->[com.google.android.gms:play-services-measurement:23.0.0] AndroidManifest.xml:41:13-35
236            android:exported="false"
236-->[com.google.android.gms:play-services-measurement:23.0.0] AndroidManifest.xml:42:13-37
237            android:permission="android.permission.BIND_JOB_SERVICE" />
237-->[com.google.android.gms:play-services-measurement:23.0.0] AndroidManifest.xml:43:13-69
238
239        <activity
239-->[com.google.android.gms:play-services-base:18.5.0] AndroidManifest.xml:5:9-173
240            android:name="com.google.android.gms.common.api.GoogleApiActivity"
240-->[com.google.android.gms:play-services-base:18.5.0] AndroidManifest.xml:5:19-85
241            android:exported="false"
241-->[com.google.android.gms:play-services-base:18.5.0] AndroidManifest.xml:5:146-170
242            android:theme="@android:style/Theme.Translucent.NoTitleBar" />
242-->[com.google.android.gms:play-services-base:18.5.0] AndroidManifest.xml:5:86-145
243
244        <provider
244-->[com.google.firebase:firebase-common:22.0.1] AndroidManifest.xml:23:9-28:39
245            android:name="com.google.firebase.provider.FirebaseInitProvider"
245-->[com.google.firebase:firebase-common:22.0.1] AndroidManifest.xml:24:13-77
246            android:authorities="com.example.spendo.firebaseinitprovider"
246-->[com.google.firebase:firebase-common:22.0.1] AndroidManifest.xml:25:13-72
247            android:directBootAware="true"
247-->[com.google.firebase:firebase-common:22.0.1] AndroidManifest.xml:26:13-43
248            android:exported="false"
248-->[com.google.firebase:firebase-common:22.0.1] AndroidManifest.xml:27:13-37
249            android:initOrder="100" />
249-->[com.google.firebase:firebase-common:22.0.1] AndroidManifest.xml:28:13-36
250        <provider
250-->[androidx.emoji2:emoji2:1.3.0] AndroidManifest.xml:24:9-32:20
251            android:name="androidx.startup.InitializationProvider"
251-->[androidx.emoji2:emoji2:1.3.0] AndroidManifest.xml:25:13-67
252            android:authorities="com.example.spendo.androidx-startup"
252-->[androidx.emoji2:emoji2:1.3.0] AndroidManifest.xml:26:13-68
253            android:exported="false" >
253-->[androidx.emoji2:emoji2:1.3.0] AndroidManifest.xml:27:13-37
254            <meta-data
254-->[androidx.emoji2:emoji2:1.3.0] AndroidManifest.xml:29:13-31:52
255                android:name="androidx.emoji2.text.EmojiCompatInitializer"
255-->[androidx.emoji2:emoji2:1.3.0] AndroidManifest.xml:30:17-75
256                android:value="androidx.startup" />